Looking for git in: git
Using git 2.17.0 from git
> git rev-parse --show-toplevel
> git config --get commit.template
Open repository: /home/leidygil/mean-app
> git status -z -u
> git symbolic-ref --short HEAD
> git rev-parse master
> git rev-parse --symbolic-full-name master@{u}
> git rev-list --left-right master...refs/remotes/origin/master
> git for-each-ref --format %(refname) %(objectname) --sort -committerdate
> git remote --verbose
> git check-ignore -z --stdin
> git check-ignore -z --stdin
> git check-ignore -z --stdin
> git check-ignore -z --stdin
> git check-ignore -z --stdin
> git check-ignore -z --stdin
> git show :package.json
> git check-ignore -z --stdin
> git check-ignore -z --stdin
> git show :src/mean/src/app/app.component.html
> git show :src/mean/package.json
> git show :package.json
> git show :src/mean/src/index.html
> git show :src/mean/src/app/app.component.html
> git check-ignore -z --stdin
> git show :src/mean/src/app/components/tasks/tasks.component.html
> git show :src/mean/angular.json
> git show :src/mean/src/index.html
> git show :src/mean/src/app/components/tasks/tasks.component.html
> git show :src/mean/src/index.html
> git check-ignore -z --stdin
> git show :package.json
> git show :src/mean/package.json
> git show :src/mean/angular.json
> git show :src/mean/src/app/components/tasks/tasks.component.html
> git show :src/mean/src/app/components/tasks/tasks.component.css
> git show :src/mean/src/app/components/tasks/tasks.component.html
> git show :src/mean/src/app/components/tasks/tasks.component.css
> git show :src/mean/src/app/components/tasks/tasks.component.scss
> git check-ignore -z --stdin
> git check-ignore -z --stdin
> git show :src/mean/src/app/app.component.css
> git show :src/mean/src/app/app.component.scss
> git check-ignore -z --stdin
> git check-ignore -z --stdin
> git show :src/mean/src/styles.css
> git show :src/mean/src/styles.scss
> git check-ignore -z --stdin
> git show :src/mean/src/app/components/tasks/tasks.component.html
> git show :src/mean/src/styles.scss
> git show :src/mean/src/index.html
> git show :src/mean/src/app/components/tasks/tasks.component.scss
> git show :src/mean/src/app/components/tasks/tasks.component.html
> git show :src/mean/src/app/components/tasks/tasks.component.scss
> git show :src/mean/src/app/components/tasks/tasks.component.ts
> git show :src/mean/src/app/app.component.ts
> git show :src/mean/src/styles.scss
> git show :src/mean/src/styles.css
> git show :src/mean/src/app/components/tasks/tasks.component.ts
> git show :src/mean/src/app/components/tasks/tasks.component.spec.ts
> git show :src/mean/src/app/components/tasks/tasks.component.scss
> git check-ignore -z --stdin
> git check-ignore -z --stdin
> git show :src/mean/src/app/app.component.ts
> git show :src/mean/angular.json
> git show :src/mean/src/app/components/tasks/tasks.component.scss
> git show :src/mean/src/app/app.component.ts
> git show :src/mean/src/app/components/tasks/tasks.component.scss
> git show :src/mean/src/app/components/tasks/tasks.component.html
> git show :src/mean/src/app/components/tasks/tasks.component.scss
> git show :src/mean/src/app/components/tasks/tasks.component.html
> git show :src/mean/src/app/components/tasks/tasks.component.scss
> git show :src/mean/src/app/components/tasks/tasks.component.html
> git show :src/mean/src/index.html
> git show :src/mean/src/app/components/tasks/tasks.component.html
> git show :src/mean/src/index.html
> git show :src/mean/src/app/app.component.html
> git show :src/mean/src/app/components/tasks/tasks.component.html
> git show :src/mean/src/app/components/tasks/tasks.component.html
> git show :src/mean/src/app/components/tasks/tasks.component.html
> git show :src/mean/src/app/components/tasks/tasks.component.html
> git check-ignore -z --stdin
> git check-ignore -z --stdin
> git add -A -- .
